<?xml version="1.0" encoding="UTF-8"?>
<testng-results ignored="0" total="2" passed="2" failed="0" skipped="0">
  <reporter-output>
  </reporter-output>
  <suite started-at="2025-03-17T21:22:44 GMT+03:00" name="Surefire suite" finished-at="2025-03-17T21:22:50 GMT+03:00" duration-ms="6627">
    <groups>
    </groups>
    <test started-at="2025-03-17T21:22:44 GMT+03:00" name="Surefire test" finished-at="2025-03-17T21:22:50 GMT+03:00" duration-ms="6627">
      <class name="blackmesa.tests.LoginTest">
        <test-method is-config="true" signature="setUp()[pri:0, instance:blackmesa.tests.LoginTest@2aa3cd93]" started-at="2025-03-17T21:22:44 GMT+03:00" name="setUp" finished-at="2025-03-17T21:22:47 GMT+03:00" duration-ms="3310" status="PASS">
          <reporter-output>
          </reporter-output>
        </test-method> <!-- setUp -->
        <test-method signature="testInvalidLogin()[pri:0, instance:blackmesa.tests.LoginTest@2aa3cd93]" started-at="2025-03-17T21:22:47 GMT+03:00" name="testInvalidLogin" finished-at="2025-03-17T21:22:48 GMT+03:00" duration-ms="1126" status="PASS">
          <reporter-output>
          </reporter-output>
        </test-method> <!-- testInvalidLogin -->
        <test-method is-config="true" signature="tearDown()[pri:0, instance:blackmesa.tests.LoginTest@2aa3cd93]" started-at="2025-03-17T21:22:48 GMT+03:00" name="tearDown" finished-at="2025-03-17T21:22:48 GMT+03:00" duration-ms="92" status="PASS">
          <reporter-output>
          </reporter-output>
        </test-method> <!-- tearDown -->
        <test-method is-config="true" signature="setUp()[pri:0, instance:blackmesa.tests.LoginTest@2aa3cd93]" started-at="2025-03-17T21:22:48 GMT+03:00" name="setUp" finished-at="2025-03-17T21:22:49 GMT+03:00" duration-ms="1139" status="PASS">
          <reporter-output>
          </reporter-output>
        </test-method> <!-- setUp -->
        <test-method signature="testSuccessfulLogin()[pri:0, instance:blackmesa.tests.LoginTest@2aa3cd93]" started-at="2025-03-17T21:22:49 GMT+03:00" name="testSuccessfulLogin" finished-at="2025-03-17T21:22:50 GMT+03:00" duration-ms="861" status="PASS">
          <reporter-output>
          </reporter-output>
        </test-method> <!-- testSuccessfulLogin -->
        <test-method is-config="true" signature="tearDown()[pri:0, instance:blackmesa.tests.LoginTest@2aa3cd93]" started-at="2025-03-17T21:22:50 GMT+03:00" name="tearDown" finished-at="2025-03-17T21:22:50 GMT+03:00" duration-ms="86" status="PASS">
          <reporter-output>
          </reporter-output>
        </test-method> <!-- tearDown -->
      </class> <!-- blackmesa.tests.LoginTest -->
    </test> <!-- Surefire test -->
  </suite> <!-- Surefire suite -->
</testng-results>
